{"numTotalTestSuites":2,"numPassedTestSuites":0,"numFailedTestSuites":2,"numPendingTestSuites":0,"numTotalTests":2,"numPassedTests":1,"numFailedTests":1,"numPendingTests":0,"numTodoTests":0,"snapshot":{"added":0,"failure":false,"filesAdded":0,"filesRemoved":0,"filesRemovedList":[],"filesUnmatched":0,"filesUpdated":0,"matched":0,"total":0,"unchecked":0,"uncheckedKeysByFile":[],"unmatched":0,"updated":0,"didUpdate":false},"startTime":1773334983881,"success":false,"testResults":[{"assertionResults":[{"ancestorTitles":["Sidebar Navigation"],"fullName":"Sidebar Navigation renders employee links for employee role","status":"passed","title":"renders employee links for employee role","duration":106.28240000000005,"failureMessages":[],"meta":{},"tags":[]},{"ancestorTitles":["Sidebar Navigation"],"fullName":"Sidebar Navigation renders admin links for admin role","status":"failed","title":"renders admin links for admin role","duration":42.7805000000003,"failureMessages":["TestingLibraryElementError: Unable to find an element with the text: KPIs. This could be because the text is broken up by multiple elements. In this case, you can provide a function for your text matcher to make your matcher more flexible.\n\nIgnored nodes: comments, script, style\n\u001b[36m<body>\u001b[39m\n  \u001b[36m<div>\u001b[39m\n    \u001b[36m<div\u001b[39m\n      \u001b[33mclass\u001b[39m=\u001b[32m\"fixed inset-0 bg-black/50 z-40 md:hidden backdrop-blur-sm\"\u001b[39m\n    \u001b[36m/>\u001b[39m\n    \u001b[36m<aside\u001b[39m\n      \u001b[33mclass\u001b[39m=\u001b[32m\"fixed inset-y-0 left-0 z-50 w-64 glass-panel border-r border-white/10 md:static transform transition-transform duration-300 ease-in-out mt-16 md:mt-0 translate-x-0\"\u001b[39m\n    \u001b[36m>\u001b[39m\n      \u001b[36m<div\u001b[39m\n        \u001b[33mclass\u001b[39m=\u001b[32m\"flex h-full flex-col\"\u001b[39m\n      \u001b[36m>\u001b[39m\n        \u001b[36m<div\u001b[39m\n          \u001b[33mclass\u001b[39m=\u001b[32m\"flex items-center justify-end p-4 md:hidden border-b border-white/5\"\u001b[39m\n        \u001b[36m>\u001b[39m\n          \u001b[36m<button\u001b[39m\n            \u001b[33mclass\u001b[39m=\u001b[32m\"text-gray-400 hover:text-white\"\u001b[39m\n          \u001b[36m>\u001b[39m\n            \u001b[36m<svg\u001b[39m\n              \u001b[33maria-hidden\u001b[39m=\u001b[32m\"true\"\u001b[39m\n              \u001b[33mclass\u001b[39m=\u001b[32m\"lucide lucide-x\"\u001b[39m\n              \u001b[33mfill\u001b[39m=\u001b[32m\"none\"\u001b[39m\n              \u001b[33mheight\u001b[39m=\u001b[32m\"20\"\u001b[39m\n              \u001b[33mstroke\u001b[39m=\u001b[32m\"currentColor\"\u001b[39m\n              \u001b[33mstroke-linecap\u001b[39m=\u001b[32m\"round\"\u001b[39m\n              \u001b[33mstroke-linejoin\u001b[39m=\u001b[32m\"round\"\u001b[39m\n              \u001b[33mstroke-width\u001b[39m=\u001b[32m\"2\"\u001b[39m\n              \u001b[33mviewBox\u001b[39m=\u001b[32m\"0 0 24 24\"\u001b[39m\n              \u001b[33mwidth\u001b[39m=\u001b[32m\"20\"\u001b[39m\n              \u001b[33mxmlns\u001b[39m=\u001b[32m\"http://www.w3.org/2000/svg\"\u001b[39m\n            \u001b[36m>\u001b[39m\n              \u001b[36m<path\u001b[39m\n                \u001b[33md\u001b[39m=\u001b[32m\"M18 6 6 18\"\u001b[39m\n              \u001b[36m/>\u001b[39m\n              \u001b[36m<path\u001b[39m\n                \u001b[33md\u001b[39m=\u001b[32m\"m6 6 12 12\"\u001b[39m\n              \u001b[36m/>\u001b[39m\n            \u001b[36m</svg>\u001b[39m\n          \u001b[36m</button>\u001b[39m\n        \u001b[36m</div>\u001b[39m\n        \u001b[36m<nav\u001b[39m\n          \u001b[33mclass\u001b[39m=\u001b[32m\"flex-1 space-y-1 overflow-y-auto p-4 custom-scrollbar\"\u001b[39m\n        \u001b[36m>\u001b[39m\n          \u001b[36m<a\u001b[39m\n            \u001b[33mclass\u001b[39m=\u001b[32m\"group flex items-center gap-3 rounded-lg px-3 py-2.5 text-sm font-medium transition-all duration-200 text-gray-400 hover:bg-white/5 hover:text-gray-200 border-l-2 border-transparent\"\u001b[39m\n            \u001b[33mdata-discover\u001b[39m=\u001b[32m\"true\"\u001b[39m\n            \u001b[33mhref\u001b[39m=\u001b[32m\"/employee/dashboard\"\u001b[39m\n          \u001b[36m>\u001b[39m\n            \u001b[36m<svg\u001b[39m\n              \u001b[33maria-hidden\u001b[39m=\u001b[32m\"true\"\u001b[39m\n              \u001b[33mclass\u001b[39m=\u001b[32m\"lucide lucide-layout-dashboard flex-shrink-0\"\u001b[39m\n              \u001b[33mfill\u001b[39m=\u001b[32m\"none\"\u001b[39m\n              \u001b[33mheight\u001b[39m=\u001b[32m\"18\"\u001b[39m\n              \u001b[33mstroke\u001b[39m=\u001b[32m\"currentColor\"\u001b[39m\n              \u001b[33mstroke-linecap\u001b[39m=\u001b[32m\"round\"\u001b[39m\n              \u001b[33mstroke-linejoin\u001b[39m=\u001b[32m\"round\"\u001b[39m\n              \u001b[33mstroke-width\u001b[39m=\u001b[32m\"2\"\u001b[39m\n              \u001b[33mviewBox\u001b[39m=\u001b[32m\"0 0 24 24\"\u001b[39m\n              \u001b[33mwidth\u001b[39m=\u001b[32m\"18\"\u001b[39m\n              \u001b[33mxmlns\u001b[39m=\u001b[32m\"http://www.w3.org/2000/svg\"\u001b[39m\n            \u001b[36m>\u001b[39m\n              \u001b[36m<rect\u001b[39m\n                \u001b[33mheight\u001b[39m=\u001b[32m\"9\"\u001b[39m\n                \u001b[33mrx\u001b[39m=\u001b[32m\"1\"\u001b[39m\n                \u001b[33mwidth\u001b[39m=\u001b[32m\"7\"\u001b[39m\n                \u001b[33mx\u001b[39m=\u001b[32m\"3\"\u001b[39m\n                \u001b[33my\u001b[39m=\u001b[32m\"3\"\u001b[39m\n              \u001b[36m/>\u001b[39m\n              \u001b[36m<rect\u001b[39m\n                \u001b[33mheight\u001b[39m=\u001b[32m\"5\"\u001b[39m\n                \u001b[33mrx\u001b[39m=\u001b[32m\"1\"\u001b[39m\n                \u001b[33mwidth\u001b[39m=\u001b[32m\"7\"\u001b[39m\n                \u001b[33mx\u001b[39m=\u001b[32m\"14\"\u001b[39m\n                \u001b[33my\u001b[39m=\u001b[32m\"3\"\u001b[39m\n              \u001b[36m/>\u001b[39m\n              \u001b[36m<rect\u001b[39m\n                \u001b[33mheight\u001b[39m=\u001b[32m\"9\"\u001b[39m\n                \u001b[33mrx\u001b[39m=\u001b[32m\"1\"\u001b[39m\n                \u001b[33mwidth\u001b[39m=\u001b[32m\"7\"\u001b[39m\n                \u001b[33mx\u001b[39m=\u001b[32m\"14\"\u001b[39m\n                \u001b[33my\u001b[39m=\u001b[32m\"12\"\u001b[39m\n              \u001b[36m/>\u001b[39m\n              \u001b[36m<rect\u001b[39m\n                \u001b[33mheight\u001b[39m=\u001b[32m\"5\"\u001b[39m\n                \u001b[33mrx\u001b[39m=\u001b[32m\"1\"\u001b[39m\n                \u001b[33mwidth\u001b[39m=\u001b[32m\"7\"\u001b[39m\n                \u001b[33mx\u001b[39m=\u001b[32m\"3\"\u001b[39m\n                \u001b[33my\u001b[39m=\u001b[32m\"16\"\u001b[39m\n              \u001b[36m/>\u001b[39m\n            \u001b[36m</svg>\u001b[39m\n            \u001b[0mDashboard\u001b[0m\n          \u001b[36m</a>\u001b[39m\n          \u001b[36m<a\u001b[39m\n            \u001b[33mclass\u001b[39m=\u001b[32m\"group flex items-center gap-3 rounded-lg px-3 py-2.5 text-sm font-medium transition-all duration-200 text-gray-400 hover:bg-white/5 hover:text-gray-200 border-l-2 border-transparent\"\u001b[39m\n            \u001b[33mdata-discover\u001b[39m=\u001b[32m\"true\"\u001b[39m\n            \u001b[33mhref\u001b[39m=\u001b[32m\"/employee/kpis\"\u001b[39m\n          \u001b[36m>\u001b[39m\n            \u001b[36m<svg\u001b[39m\n              \u001b[33maria-hidden\u001b[39m=\u001b[32m\"true\"\u001b[39m\n              \u001b[33mclass\u001b[39m=\u001b[32m\"lucide lucide-target flex-shrink-0\"\u001b[39m\n              \u001b[33mfill\u001b[39m=\u001b[32m\"none\"\u001b[39m\n              \u001b[33mheight\u001b[39m=\u001b[32m\"18\"\u001b[39m\n              \u001b[33mstroke\u001b[39m=\u001b[32m\"currentColor\"\u001b[39m\n              \u001b[33mstroke-linecap\u001b[39m=\u001b[32m\"round\"\u001b[39m\n              \u001b[33mstroke-linejoin\u001b[39m=\u001b[32m\"round\"\u001b[39m\n              \u001b[33mstroke-width\u001b[39m=\u001b[32m\"2\"\u001b[39m\n              \u001b[33mviewBox\u001b[39m=\u001b[32m\"0 0 24 24\"\u001b[39m\n              \u001b[33mwidth\u001b[39m=\u001b[32m\"18\"\u001b[39m\n              \u001b[33mxmlns\u001b[39m=\u001b[32m\"http://www.w3.org/2000/svg\"\u001b[39m\n            \u001b[36m>\u001b[39m\n              \u001b[36m<circle\u001b[39m\n                \u001b[33mcx\u001b[39m=\u001b[32m\"12\"\u001b[39m\n                \u001b[33mcy\u001b[39m=\u001b[32m\"12\"\u001b[39m\n                \u001b[33mr\u001b[39m=\u001b[32m\"10\"\u001b[39m\n              \u001b[36m/>\u001b[39m\n              \u001b[36m<circle\u001b[39m\n                \u001b[33mcx\u001b[39m=\u001b[32m\"12\"\u001b[39m\n                \u001b[33mcy\u001b[39m=\u001b[32m\"12\"\u001b[39m\n                \u001b[33mr\u001b[39m=\u001b[32m\"6\"\u001b[39m\n              \u001b[36m/>\u001b[39m\n              \u001b[36m<circle\u001b[39m\n                \u001b[33mcx\u001b[39m=\u001b[32m\"12\"\u001b[39m\n                \u001b[33mcy\u001b[39m=\u001b[32m\"12\"\u001b[39m\n                \u001b[33mr\u001b[39m=\u001b[32m\"2\"\u001b[39m\n              \u001b[36m/>\u001b[39m\n            \u001b[36m</svg>\u001b[39m\n            \u001b[0mMy KPIs\u001b[0m\n          \u001b[36m</a>\u001b[39m\n          \u001b[36m<a\u001b[39m\n            \u001b[33mclass\u001b[39m=\u001b[32m\"group flex items-center gap-3 rounded-lg px-3 py-2.5 text-sm font-medium transition-all duration-200 text-gray-400 hover:bg-white/5 hover:text-gray-200 border-l-2 border-transparent\"\u001b[39m\n            \u001b[33mdata-discover\u001b[39m=\u001b[32m\"true\"\u001b[39m\n            \u001b[33mhref\u001b[39m=\u001b[32m\"/employee/badges\"\u001b[39m\n          \u001b[36m>\u001b[39m\n            \u001b[36m<svg\u001b[39m\n              \u001b[33maria-hidden\u001b[39m=\u001b[32m\"true\"\u001b[39m\n              \u001b[33mclass\u001b[39m=\u001b[32m\"lucide lucide-medal flex-shrink-0\"\u001b[39m\n              \u001b[33mfill\u001b[39m=\u001b[32m\"none\"\u001b[39m\n              \u001b[33mheight\u001b[39m=\u001b[32m\"18\"\u001b[39m\n              \u001b[33mstroke\u001b[39m=\u001b[32m\"currentColor\"\u001b[39m\n              \u001b[33mstroke-linecap\u001b[39m=\u001b[32m\"round\"\u001b[39m\n              \u001b[33mstroke-linejoin\u001b[39m=\u001b[32m\"round\"\u001b[39m\n              \u001b[33mstroke-width\u001b[39m=\u001b[32m\"2\"\u001b[39m\n              \u001b[33mviewBox\u001b[39m=\u001b[32m\"0 0 24 24\"\u001b[39m\n              \u001b[33mwidth\u001b[39m=\u001b[32m\"18\"\u001b[39m\n              \u001b[33mxmlns\u001b[39m=\u001b[32m\"http://www.w3.org/2000/svg\"\u001b[39m\n            \u001b[36m>\u001b[39m\n              \u001b[36m<path\u001b[39m\n                \u001b[33md\u001b[39m=\u001b[32m\"M7.21 15 2.66 7.14a2 2 0 0 1 .13-2.2L4.4 2.8A2 2 0 0 1 6 2h12a2 2 0 0 1 1.6.8l1.6 2.14a2 2 0 0 1 .14 2.2L16.79 15\"\u001b[39m\n              \u001b[36m/>\u001b[39m\n              \u001b[36m<path\u001b[39m\n                \u001b[33md\u001b[39m=\u001b[32m\"M11 12 5.12 2.2\"\u001b[39m\n              \u001b[36m/>\u001b[39m\n              \u001b[36m<path\u001b[39m\n                \u001b[33md\u001b[39m=\u001b[32m\"m13 12 5.88-9.8\"\u001b[39m\n              \u001b[36m/>\u001b[39m\n              \u001b[36m<path\u001b[39m\n                \u001b[33md\u001b[39m=\u001b[32m\"M8 7h8\"\u001b[39m\n              \u001b[36m/>\u001b[39m\n              \u001b[36m<circle\u001b[39m\n                \u001b[33mcx\u001b[39m=\u001b[32m\"12\"\u001b[39m\n                \u001b[33mcy\u001b[39m=\u001b[32m\"17\"\u001b[39m\n                \u001b[33mr\u001b[39m=\u001b[32m\"5\"\u001b[39m\n              \u001b[36m/>\u001b[39m\n              \u001b[36m<path\u001b[39m\n                \u001b[33md\u001b[39m=\u001b[32m\"M12 18v-2h-.5\"\u001b[39m\n              \u001b[36m/>\u001b[39m\n            \u001b[36m</svg>\u001b[39m\n            \u001b[0mBadges\u001b[0m\n          \u001b[36m</a>\u001b[39m\n          \u001b[36m<a\u001b[39m\n            \u001b[33mclass\u001b[39m=\u001b[32m\"group flex items-center gap-3 rounded-lg px-3 py-2.5 text-sm font-medium transition-all duration-200 text-gray-400 hover:bg-white/5 hover:text-gray-200 border-l-2 border-transparent\"\u001b[39m\n            \u001b[33mdata-discover\u001b[39m=\u001b[32m\"true\"\u001b[39m\n            \u001b[33mhref\u001b[39m=\u001b[32m\"/employee/leaderboard\"\u001b[39m\n          \u001b[36m>\u001b[39m\n            \u001b[36m<svg\u001b[39m\n              \u001b[33maria-hidden\u001b[39m=\u001b[32m\"true\"\u001b[39m\n              \u001b[33mclass\u001b[39m=\u001b[32m\"lucide lucide-trophy flex-shrink-0\"\u001b[39m\n              \u001b[33mfill\u001b[39m=\u001b[32m\"none\"\u001b[39m\n              \u001b[33mheight\u001b[39m=\u001b[32m\"18\"\u001b[39m\n              \u001b[33mstroke\u001b[39m=\u001b[32m\"currentColor\"\u001b[39m\n              \u001b[33mstroke-linecap\u001b[39m=\u001b[32m\"round\"\u001b[39m\n              \u001b[33mstroke-linejoin\u001b[39m=\u001b[32m\"round\"\u001b[39m\n              \u001b[33mstroke-width\u001b[39m=\u001b[32m\"2\"\u001b[39m\n              \u001b[33mviewBox\u001b[39m=\u001b[32m\"0 0 24 24\"\u001b[39m\n              \u001b[33mwidth\u001b[39m=\u001b[32m\"18\"\u001b[39m\n              \u001b[33mxmlns\u001b[39m=\u001b[32m\"http://www.w3.org/2000/svg\"\u001b[39m\n            \u001b[36m>\u001b[39m\n              \u001b[36m<path\u001b[39m\n                \u001b[33md\u001b[39m=\u001b[32m\"M10 14.66v1.626a2 2 0 0 1-.976 1.696A5 5 0 0 0 7 21.978\"\u001b[39m\n              \u001b[36m/>\u001b[39m\n              \u001b[36m<path\u001b[39m\n                \u001b[33md\u001b[39m=\u001b[32m\"M14 14.66v1.626a2 2 0 0 0 .976 1.696A5 5 0 0 1 17 21.978\"\u001b[39m\n              \u001b[36m/>\u001b[39m\n              \u001b[36m<path\u001b[39m\n                \u001b[33md\u001b[39m=\u001b[32m\"M18 9h1.5a1 1 0 0 0 0-5H18\"\u001b[39m\n              \u001b[36m/>\u001b[39m\n              \u001b[36m<path\u001b[39m\n                \u001b[33md\u001b[39m=\u001b[32m\"M4 22h16\"\u001b[39m\n              \u001b[36m/>\u001b[39m\n              \u001b[36m<path\u001b[39m\n                \u001b[33md\u001b[39m=\u001b[32m\"M6 9a6 6 0 0 0 12 0V3a1 1 0 0 0-1-1H7a1 1 0 0 0-1 1z\"\u001b[39m\n              \u001b[36m/>\u001b[39m\n              \u001b[36m<path\u001b[39m\n                \u001b[33md\u001b[39m=\u001b[32m\"M6 9H4.5a1 1 0 0 1 0-5H6\"\u001b[39m\n              \u001b[36m/>\u001b[39m\n            \u001b[36m</svg>\u001b[39m\n            \u001b[0mLeaderboard\u001b[0m\n          \u001b[36m</a>\u001b[39m\n          \u001b[36m<a\u001b[39m\n            \u001b[33mclass\u001b[39m=\u001b[32m\"group flex items-center gap-3 rounded-lg px-3 py-2.5 text-sm font-medium transition-all duration-200 text-gray-400 hover:bg-white/5 hover:text-gray-200 border-l-2 border-transparent\"\u001b[39m\n            \u001b[33mdata-discover\u001b[39m=\u001b[32m\"true\"\u001b[39m\n            \u001b[33mhref\u001b[39m=\u001b[32m\"/employee/challenges\"\u001b[39m\n          \u001b[36m>\u001b[39m\n            \u001b[36m<svg\u001b[39m\n              \u001b[33maria-hidden\u001b[39m=\u001b[32m\"true\"\u001b[39m\n              \u001b[33mclass\u001b[39m=\u001b[32m\"lucide lucide-swords flex-shrink-0\"\u001b[39m\n              \u001b[33mfill\u001b[39m=\u001b[32m\"none\"\u001b[39m\n              \u001b[33mheight\u001b[39m=\u001b[32m\"18\"\u001b[39m\n              \u001b[33mstroke\u001b[39m=\u001b[32m\"currentColor\"\u001b[39m\n              \u001b[33mstroke-linecap\u001b[39m=\u001b[32m\"round\"\u001b[39m\n              \u001b[33mstroke-linejoin\u001b[39m=\u001b[32m\"round\"\u001b[39m\n              \u001b[33mstroke-width\u001b[39m=\u001b[32m\"2\"\u001b[39m\n              \u001b[33mviewBox\u001b[39m=\u001b[32m\"0 0 24 24\"\u001b[39m\n              \u001b[33mwidth\u001b[39m=\u001b[32m\"18\"\u001b[39m\n              \u001b[33mxmlns\u001b[39m=\u001b[32m\"http://www.w3.org/2000/svg\"\u001b[39m\n            \u001b[36m>\u001b[39m\n              \u001b[36m<polyline\u001b[39m\n                \u001b[33mpoints\u001b[39m=\u001b[32m\"14.5 17.5 3 6 3 3 6 3 17.5 14.5\"\u001b[39m\n              \u001b[36m/>\u001b[39m\n              \u001b[36m<line\u001b[39m\n                \u001b[33mx1\u001b[39m=\u001b[32m\"13\"\u001b[39m\n                \u001b[33mx2\u001b[39m=\u001b[32m\"19\"\u001b[39m\n                \u001b[33my1\u001b[39m=\u001b[32m\"19\"\u001b[39m\n                \u001b[33my2\u001b[39m=\u001b[32m\"13\"\u001b[39m\n              \u001b[36m/>\u001b[39m\n              \u001b[36m<line\u001b[39m\n                \u001b[33mx1\u001b[39m=\u001b[32m\"16\"\u001b[39m\n                \u001b[33mx2\u001b[39m=\u001b[32m\"20\"\u001b[39m\n                \u001b[33my1\u001b[39m=\u001b[32m\"16\"\u001b[39m\n                \u001b[33my2\u001b[39m=\u001b[32m\"20\"\u001b[39m\n              \u001b[36m/>\u001b[39m\n              \u001b[36m<line\u001b[39m\n                \u001b[33mx1\u001b[39m=\u001b[32m\"19\"\u001b[39m\n                \u001b[33mx2\u001b[39m=\u001b[32m\"21\"\u001b[39m\n                \u001b[33my1\u001b[39m=\u001b[32m\"21\"\u001b[39m\n                \u001b[33my2\u001b[39m=\u001b[32m\"19\"\u001b[39m\n              \u001b[36m/>\u001b[39m\n              \u001b[36m<polyline\u001b[39m\n                \u001b[33mpoints\u001b[39m=\u001b[32m\"14.5 6.5 18 3 21 3 21 6 17.5 9.5\"\u001b[39m\n              \u001b[36m/>\u001b[39m\n              \u001b[36m<line\u001b[39m\n                \u001b[33mx1\u001b[39m=\u001b[32m\"5\"\u001b[39m\n                \u001b[33mx2\u001b[39m=\u001b[32m\"9\"\u001b[39m\n                \u001b[33my1\u001b[39m=\u001b[32m\"14\"\u001b[39m\n                \u001b[33my2\u001b[39m=\u001b[32m\"18\"\u001b[39m\n              \u001b[36m/>\u001b[39m\n              \u001b[36m<line\u001b[39m\n                \u001b[33mx1\u001b[39m=\u001b[32m\"7\"\u001b[39m\n                \u001b[33mx2\u001b[39m=\u001b[32m\"4\"\u001b[39m\n                \u001b[33my1\u001b[39m=\u001b[32m\"17\"\u001b[39m\n                \u001b[33my2\u001b[39m=\u001b[32m\"20\"\u001b[39m\n              \u001b[36m/>\u001b[39m\n              \u001b[36m<line\u001b[39m\n                \u001b[33mx1\u001b[39m=\u001b[32m\"3\"\u001b[39m\n                \u001b[33mx2\u001b[39m=\u001b[32m\"5\"\u001b[39m\n                \u001b[33my1\u001b[39m=\u001b[32m\"19\"\u001b[39m\n                \u001b[33my2\u001b[39m=\u001b[32m\"21\"\u001b[39m\n              \u001b[36m/>\u001b[39m\n            \u001b[36m</svg>\u001b[39m\n            \u001b[0mChallenges\u001b[0m\n          \u001b[36m</a>\u001b[39m\n          \u001b[36m<a\u001b[39m\n            \u001b[33mclass\u001b[39m=\u001b[32m\"group flex items-center gap-3 rounded-lg px-3 py-2.5 text-sm font-medium transition-all duration-200 text-gray-400 hover:bg-white/5 hover:text-gray-200 border-l-2 border-transparent\"\u001b[39m\n            \u001b[33mdata-discover\u001b[39m=\u001b[32m\"true\"\u001b[39m\n            \u001b[33mhref\u001b[39m=\u001b[32m\"/employee/catalog\"\u001b[39m\n          \u001b[36m>\u001b[39m\n            \u001b[36m<svg\u001b[39m\n              \u001b[33maria-hidden\u001b[39m=\u001b[32m\"true\"\u001b[39m\n              \u001b[33mclass\u001b[39m=\u001b[32m\"lucide lucide-gift flex-shrink-0\"\u001b[39m\n              \u001b[33mfill\u001b[39m=\u001b[32m\"none\"\u001b[39m\n              \u001b[33mheight\u001b[39m=\u001b[32m\"18\"\u001b[39m\n              \u001b[33mstroke\u001b[39m=\u001b[32m\"currentColor\"\u001b[39m\n              \u001b[33mstroke-linecap\u001b[39m=\u001b[32m\"round\"\u001b[39m\n              \u001b[33mstroke-linejoin\u001b[39m=\u001b[32m\"round\"\u001b[39m\n              \u001b[33mstroke-width\u001b[39m=\u001b[32m\"2\"\u001b[39m\n              \u001b[33mviewBox\u001b[39m=\u001b[32m\"0 0 24 24\"\u001b[39m\n              \u001b[33mwidth\u001b[39m=\u001b[32m\"18\"\u001b[39m\n              \u001b[33mxmlns\u001b[39m=\u001b[32m\"http://www.w3.org/2000/svg\"\u001b[39m\n            \u001b[36m>\u001b[39m\n              \u001b[36m<path\u001b[39m\n                \u001b[33md\u001b[39m=\u001b[32m\"M12 7v14\"\u001b[39m\n              \u001b[36m/>\u001b[39m\n              \u001b[36m<path\u001b[39m\n                \u001b[33md\u001b[39m=\u001b[32m\"M20 11v8a2 2 0 0 1-2 2H6a2 2 0 0 1-2-2v-8\"\u001b[39m\n              \u001b[36m/>\u001b[39m\n              \u001b[36m<path\u001b[39m\n                \u001b[33md\u001b[39m=\u001b[32m\"M7.5 7a1 1 0 0 1 0-5A4.8 8 0 0 1 12 7a4.8 8 0 0 1 4.5-5 1 1 0 0 1 0 5\"\u001b[39m\n              \u001b[36m/>\u001b[39m\n              \u001b[36m<rect\u001b[39m\n                \u001b[33mheight\u001b[39m=\u001b[32m\"4\"\u001b[39m\n                \u001b[33mrx\u001b[39m=\u001b[32m\"1\"\u001b[39m\n                \u001b[33mwidth\u001b[39m=\u001b[32m\"18\"\u001b[39m\n                \u001b[33mx\u001b[39m=\u001b[32m\"3\"\u001b[39m\n                \u001b[33my\u001b[39m=\u001b[32m\"7\"\u001b[39m\n              \u001b[36m/>\u001b[39m\n            \u001b[36m</svg>\u001b[39m\n            \u001b[0mReward Catalog\u001b[0m\n          \u001b[36m</a>\u001b[39m\n          \u001b[36m<a\u001b[39m\n            \u001b[33mclass\u001b[39m=\u001b[32m\"group flex items-center gap-3 rounded-lg px-3 py-2.5 text-sm font-medium transition-all duration-200 text-gray-400 hover:bg-white/5 hover:text-gray-200 border-l-2 border-transparent\"\u001b[39m\n            \u001b[33mdata-discover\u001b[39m=\u001b[32m\"true\"\u001b[39m\n            \u001b[33mhref\u001b[39m=\u001b[32m\"/employee/notifications\"\u001b[39m\n          \u001b[36m>\u001b[39m\n            \u001b[36m<svg\u001b[39m\n              \u001b[33maria-hidden\u001b[39m=\u001b[32m\"true\"\u001b[39m\n              \u001b[33mclass\u001b[39m=\u001b[32m\"lucide lucide-bell flex-shrink-0\"\u001b[39m\n              \u001b[33mfill\u001b[39m=\u001b[32m\"none\"\u001b[39m\n              \u001b[33mheight\u001b[39m=\u001b[32m\"18\"\u001b[39m\n              \u001b[33mstroke\u001b[39m=\u001b[32m\"currentColor\"\u001b[39m\n              \u001b[33mstroke-linecap\u001b[39m=\u001b[32m\"round\"\u001b[39m\n              \u001b[33mstroke-linejoin\u001b[39m=\u001b[32m\"round\"\u001b[39m\n              \u001b[33mstroke-width\u001b[39m=\u001b[32m\"2\"\u001b[39m\n              \u001b[33mviewBox\u001b[39m=\u001b[32m\"0 0 24 24\"\u001b[39m\n              \u001b[33mwidth\u001b[39m=\u001b[32m\"18\"\u001b[39m\n              \u001b[33mxmlns\u001b[39m=\u001b[32m\"http://www.w3.org/2000/svg\"\u001b[39m\n            \u001b[36m>\u001b[39m\n              \u001b[36m<path\u001b[39m\n                \u001b[33md\u001b[39m=\u001b[32m\"M10.268 21a2 2 0 0 0 3.464 0\"\u001b[39m\n              \u001b[36m/>\u001b[39m\n              \u001b[36m<path\u001b[39m\n                \u001b[33md\u001b[39m=\u001b[32m\"M3.262 15.326A1 1 0 0 0 4 17h16a1 1 0 0 0 .74-1.673C19.41 13.956 18 12.499 18 8A6 6 0 0 0 6 8c0 4.499-1.411 5.956-2.738 7.326\"\u001b[39m\n              \u001b[36m/>\u001b[39m\n            \u001b[36m</svg>\u001b[39m\n            \u001b[0mNotifications\u001b[0m\n          \u001b[36m</a>\u001b[39m\n        \u001b[36m</nav>\u001b[39m\n      \u001b[36m</div>\u001b[39m\n    \u001b[36m</aside>\u001b[39m\n  \u001b[36m</div>\u001b[39m\n\u001b[36m</body>\u001b[39m\n    at Object.getElementError (C:\\Users\\nithi\\OneDrive\\Desktop\\piazza\\apps\\web\\node_modules\\@testing-library\\dom\\dist\\config.js:37:19)\n    at C:\\Users\\nithi\\OneDrive\\Desktop\\piazza\\apps\\web\\node_modules\\@testing-library\\dom\\dist\\query-helpers.js:76:38\n    at C:\\Users\\nithi\\OneDrive\\Desktop\\piazza\\apps\\web\\node_modules\\@testing-library\\dom\\dist\\query-helpers.js:52:17\n    at C:\\Users\\nithi\\OneDrive\\Desktop\\piazza\\apps\\web\\node_modules\\@testing-library\\dom\\dist\\query-helpers.js:95:19\n    at C:/Users/nithi/OneDrive/Desktop/piazza/apps/web/src/__tests__/Sidebar.test.tsx:44:23\n    at file:///C:/Users/nithi/OneDrive/Desktop/piazza/apps/web/node_modules/@vitest/runner/dist/index.js:296:11\n    at file:///C:/Users/nithi/OneDrive/Desktop/piazza/apps/web/node_modules/@vitest/runner/dist/index.js:1258:26\n    at file:///C:/Users/nithi/OneDrive/Desktop/piazza/apps/web/node_modules/@vitest/runner/dist/index.js:1681:20\n    at new Promise (<anonymous>)\n    at runWithCancel (file:///C:/Users/nithi/OneDrive/Desktop/piazza/apps/web/node_modules/@vitest/runner/dist/index.js:1678:10)"],"meta":{},"tags":[]}],"startTime":1773334987681,"endTime":1773334987829.7805,"status":"failed","message":"","name":"C:/Users/nithi/OneDrive/Desktop/piazza/apps/web/src/__tests__/Sidebar.test.tsx"}]}
